<?xml version="1.0" encoding="UTF-8"?>
<!-- Generated by org.testng.reporters.JUnitXMLReporter -->
<testsuite ignored="0" hostname="LE15-HM8-IND" failures="0" tests="3" name="Default test" time="37.853" errors="0" timestamp="2022-09-11T10:35:37 IST">
  <testcase classname="testcases.SimplilearnLoginTest" name="Test1" time="8.636"/>
  <testcase classname="testcases.SimplilearnLoginTest" name="Test2" time="6.416"/>
  <testcase classname="testcases.SimplilearnLoginTest" name="Test3" time="6.344"/>
</testsuite> <!-- Default test -->
