<?xml version="1.0" encoding="UTF-8"?>
<!-- Generated by org.testng.reporters.JUnitXMLReporter -->
<testsuite ignored="2" hostname="LE15-HM8-IND" failures="0" tests="4" name="Test" time="48.506" errors="0" timestamp="11 Sep 2022 06:23:25 GMT">
  <testcase classname="testcases.SimplilearnLoginTest" name="Test1" time="9.878"/>
  <testcase classname="testcases.SimplilearnLoginTest" name="Test2" time="5.861"/>
  <testcase classname="testcases.SimplilearnLoginTest" name="Test3" time="11.871"/>
  <testcase classname="testcases.HomeTest" name="Test1" time="0.0"/>
  <testcase classname="testcases.BaseClass" name="@AfterTest DataClean" time="0.0">
    <ignored/>
  </testcase> <!-- @AfterTest DataClean -->
  <testcase classname="testcases.BaseClass" name="@BeforeTest DataSetup" time="0.0">
    <ignored/>
  </testcase> <!-- @BeforeTest DataSetup -->
</testsuite> <!-- Test -->
