<?xml version="1.0" encoding="UTF-8"?>
<!-- Generated by org.testng.reporters.JUnitXMLReporter -->
<testsuite ignored="2" hostname="LE15-HM8-IND" failures="0" tests="4" name="Test" time="47.681" errors="0" timestamp="2022-09-11T10:57:52 IST">
  <testcase classname="testcases.SimplilearnLoginTest" name="Test1" time="12.105"/>
  <testcase classname="testcases.SimplilearnLoginTest" name="Test2" time="5.578"/>
  <testcase classname="testcases.SimplilearnLoginTest" name="Test3" time="9.402"/>
  <testcase classname="testcases.HomeTest" name="Test1" time="0.001"/>
  <testcase classname="testcases.BaseClass" name="@AfterTest DataClean" time="0.0">
    <ignored/>
  </testcase> <!-- @AfterTest DataClean -->
  <testcase classname="testcases.BaseClass" name="@BeforeTest DataSetup" time="0.0">
    <ignored/>
  </testcase> <!-- @BeforeTest DataSetup -->
</testsuite> <!-- Test -->
