<?xml version="1.0" encoding="UTF-8"?>
<!-- Generated by org.testng.reporters.JUnitXMLReporter -->
<testsuite hostname="LE15-HM8-IND" ignored="0" name="Command line test" tests="3" failures="0" timestamp="2022-09-11T09:43:49 IST" time="34.279" errors="0">
  <testcase name="Test1" time="0.001" classname="testcases.HomeTest"/>
  <testcase name="Test1" time="8.589" classname="testcases.SimplilearnLoginTest"/>
  <testcase name="Test2" time="6.868" classname="testcases.SimplilearnLoginTest"/>
</testsuite> <!-- Command line test -->
