<?xml version="1.0" encoding="UTF-8"?>
<!-- Generated by org.testng.reporters.JUnitXMLReporter -->
<testsuite ignored="0" hostname="LE15-HM8-IND" failures="0" tests="3" name="Test" time="89.028" errors="0" timestamp="18 Sep 2022 06:19:45 GMT">
  <testcase classname="testcases.SimplilearnLoginTest" name="Test1" time="23.409"/>
  <testcase classname="testcases.SimplilearnLoginTest" name="Test2" time="10.571"/>
  <testcase classname="testcases.SimplilearnLoginTest" name="Test3" time="15.222"/>
</testsuite> <!-- Test -->
