<?xml version="1.0" encoding="UTF-8"?>
<!-- Generated by org.testng.reporters.JUnitXMLReporter -->
<testsuite hostname="LE15-HM8-IND" ignored="2" name="Test" tests="4" failures="1" timestamp="2022-09-11T10:37:17 IST" time="41.262" errors="0">
  <testcase name="Test1" time="0.002" classname="testcases.HomeTest"/>
  <testcase name="Test1" time="8.899" classname="testcases.SimplilearnLoginTest"/>
  <testcase name="Test2" time="5.293" classname="testcases.SimplilearnLoginTest"/>
  <testcase name="Test3" time="0.0" classname="testcases.SimplilearnLoginTest">
    <failure type="java.lang.NullPointerException">
      <![CDATA[java.lang.NullPointerException
at testcases.SimplilearnLoginTest.Test3(SimplilearnLoginTest.java:48)
at java.util.ArrayList.forEach(ArrayList.java:1259)
... Removed 31 stack frames]]>
    </failure>
  </testcase> <!-- Test3 -->
  <testcase name="@BeforeTest DataSetup" time="0.0" classname="testcases.BaseClass">
    <ignored/>
  </testcase> <!-- @BeforeTest DataSetup -->
  <testcase name="@AfterTest DataClean" time="0.0" classname="testcases.BaseClass">
    <ignored/>
  </testcase> <!-- @AfterTest DataClean -->
</testsuite> <!-- Test -->
