<?xml version="1.0" encoding="UTF-8"?>
<testng-results ignored="0" total="3" passed="3" failed="0" skipped="0">
  <reporter-output>
  </reporter-output>
  <suite started-at="2022-09-18T06:18:15Z" name="Suite" finished-at="2022-09-18T06:19:44Z" duration-ms="89028">
    <groups>
    </groups>
    <test started-at="2022-09-18T06:18:15Z" name="Test" finished-at="2022-09-18T06:19:44Z" duration-ms="89028">
      <class name="testcases.SimplilearnLoginTest">
        <test-method is-config="true" signature="DataSetup()[pri:0, instance:testcases.SimplilearnLoginTest@11392934]" started-at="2022-09-18T06:18:15Z" name="DataSetup" finished-at="2022-09-18T06:18:17Z" duration-ms="1804" status="PASS">
          <reporter-output>
          </reporter-output>
        </test-method> <!-- DataSetup -->
        <test-method is-config="true" signature="SetupMethod(java.lang.reflect.Method)[pri:0, instance:testcases.SimplilearnLoginTest@11392934]" started-at="2022-09-18T06:18:17Z" name="SetupMethod" finished-at="2022-09-18T06:18:31Z" duration-ms="13457" status="PASS">
          <params>
            <param index="0">
              <value>
                <![CDATA[public void testcases.SimplilearnLoginTest.Test1() throws java.lang.InterruptedException]]>
              </value>
            </param>
          </params>
          <reporter-output>
          </reporter-output>
        </test-method> <!-- SetupMethod -->
        <test-method signature="Test1()[pri:0, instance:testcases.SimplilearnLoginTest@11392934]" started-at="2022-09-18T06:18:31Z" name="Test1" finished-at="2022-09-18T06:18:54Z" duration-ms="23409" status="PASS">
          <reporter-output>
          </reporter-output>
        </test-method> <!-- Test1 -->
        <test-method is-config="true" signature="TearDownMethod()[pri:0, instance:testcases.SimplilearnLoginTest@11392934]" started-at="2022-09-18T06:18:54Z" name="TearDownMethod" finished-at="2022-09-18T06:18:57Z" duration-ms="2806" status="PASS">
          <reporter-output>
          </reporter-output>
        </test-method> <!-- TearDownMethod -->
        <test-method is-config="true" signature="SetupMethod(java.lang.reflect.Method)[pri:0, instance:testcases.SimplilearnLoginTest@11392934]" started-at="2022-09-18T06:18:57Z" name="SetupMethod" finished-at="2022-09-18T06:19:08Z" duration-ms="10765" status="PASS">
          <params>
            <param index="0">
              <value>
                <![CDATA[public void testcases.SimplilearnLoginTest.Test2() throws java.lang.InterruptedException]]>
              </value>
            </param>
          </params>
          <reporter-output>
          </reporter-output>
        </test-method> <!-- SetupMethod -->
        <test-method signature="Test2()[pri:0, instance:testcases.SimplilearnLoginTest@11392934]" started-at="2022-09-18T06:19:08Z" name="Test2" finished-at="2022-09-18T06:19:18Z" duration-ms="10571" status="PASS">
          <reporter-output>
          </reporter-output>
        </test-method> <!-- Test2 -->
        <test-method is-config="true" signature="TearDownMethod()[pri:0, instance:testcases.SimplilearnLoginTest@11392934]" started-at="2022-09-18T06:19:18Z" name="TearDownMethod" finished-at="2022-09-18T06:19:19Z" duration-ms="497" status="PASS">
          <reporter-output>
          </reporter-output>
        </test-method> <!-- TearDownMethod -->
        <test-method is-config="true" signature="SetupMethod(java.lang.reflect.Method)[pri:0, instance:testcases.SimplilearnLoginTest@11392934]" started-at="2022-09-18T06:19:19Z" name="SetupMethod" finished-at="2022-09-18T06:19:25Z" duration-ms="6176" status="PASS">
          <params>
            <param index="0">
              <value>
                <![CDATA[public void testcases.SimplilearnLoginTest.Test3() throws java.lang.InterruptedException]]>
              </value>
            </param>
          </params>
          <reporter-output>
          </reporter-output>
        </test-method> <!-- SetupMethod -->
        <test-method signature="Test3()[pri:0, instance:testcases.SimplilearnLoginTest@11392934]" started-at="2022-09-18T06:19:25Z" name="Test3" finished-at="2022-09-18T06:19:40Z" duration-ms="15222" status="PASS">
          <reporter-output>
          </reporter-output>
        </test-method> <!-- Test3 -->
        <test-method is-config="true" signature="TearDownMethod()[pri:0, instance:testcases.SimplilearnLoginTest@11392934]" started-at="2022-09-18T06:19:40Z" name="TearDownMethod" finished-at="2022-09-18T06:19:43Z" duration-ms="2564" status="PASS">
          <reporter-output>
          </reporter-output>
        </test-method> <!-- TearDownMethod -->
        <test-method is-config="true" signature="DataClean()[pri:0, instance:testcases.SimplilearnLoginTest@11392934]" started-at="2022-09-18T06:19:43Z" name="DataClean" finished-at="2022-09-18T06:19:44Z" duration-ms="1741" status="PASS">
          <reporter-output>
          </reporter-output>
        </test-method> <!-- DataClean -->
      </class> <!-- testcases.SimplilearnLoginTest -->
    </test> <!-- Test -->
  </suite> <!-- Suite -->
</testng-results>
