<?xml version="1.0" encoding="UTF-8"?>
<testng-results skipped="0" failed="1" ignored="2" total="6" passed="3">
  <reporter-output>
  </reporter-output>
  <suite name="Suite" duration-ms="41262" started-at="2022-09-11T10:36:36 IST" finished-at="2022-09-11T10:37:17 IST">
    <groups>
    </groups>
    <test name="Test" duration-ms="41262" started-at="2022-09-11T10:36:36 IST" finished-at="2022-09-11T10:37:17 IST">
      <class name="testcases.HomeTest">
        <test-method status="PASS" signature="DataSetup()[pri:0, instance:testcases.HomeTest@27a8c74e]" name="DataSetup" is-config="true" duration-ms="1451" started-at="2022-09-11T10:36:36 IST" finished-at="2022-09-11T10:36:37 IST">
          <reporter-output>
          </reporter-output>
        </test-method> <!-- DataSetup -->
        <test-method status="PASS" signature="SetupMethod()[pri:0, instance:testcases.HomeTest@27a8c74e]" name="SetupMethod" is-config="true" duration-ms="5161" started-at="2022-09-11T10:36:37 IST" finished-at="2022-09-11T10:36:42 IST">
          <reporter-output>
          </reporter-output>
        </test-method> <!-- SetupMethod -->
        <test-method status="PASS" signature="Test1()[pri:0, instance:testcases.HomeTest@27a8c74e]" name="Test1" duration-ms="2" started-at="2022-09-11T10:36:42 IST" finished-at="2022-09-11T10:36:42 IST">
          <reporter-output>
          </reporter-output>
        </test-method> <!-- Test1 -->
        <test-method status="PASS" signature="TearDownMethod()[pri:0, instance:testcases.HomeTest@27a8c74e]" name="TearDownMethod" is-config="true" duration-ms="211" started-at="2022-09-11T10:36:42 IST" finished-at="2022-09-11T10:36:43 IST">
          <reporter-output>
          </reporter-output>
        </test-method> <!-- TearDownMethod -->
        <test-method status="PASS" signature="DataClean()[pri:0, instance:testcases.HomeTest@27a8c74e]" name="DataClean" is-config="true" duration-ms="1" started-at="2022-09-11T10:37:17 IST" finished-at="2022-09-11T10:37:17 IST">
          <reporter-output>
          </reporter-output>
        </test-method> <!-- DataClean -->
      </class> <!-- testcases.HomeTest -->
      <class name="testcases.SimplilearnLoginTest">
        <test-method status="PASS" signature="SetupMethod()[pri:0, instance:testcases.SimplilearnLoginTest@76f2b07d]" name="SetupMethod" is-config="true" duration-ms="5377" started-at="2022-09-11T10:36:43 IST" finished-at="2022-09-11T10:36:48 IST">
          <reporter-output>
          </reporter-output>
        </test-method> <!-- SetupMethod -->
        <test-method status="PASS" signature="Test1()[pri:0, instance:testcases.SimplilearnLoginTest@76f2b07d]" name="Test1" duration-ms="8899" started-at="2022-09-11T10:36:48 IST" finished-at="2022-09-11T10:36:57 IST">
          <reporter-output>
          </reporter-output>
        </test-method> <!-- Test1 -->
        <test-method status="PASS" signature="TearDownMethod()[pri:0, instance:testcases.SimplilearnLoginTest@76f2b07d]" name="TearDownMethod" is-config="true" duration-ms="424" started-at="2022-09-11T10:36:57 IST" finished-at="2022-09-11T10:36:57 IST">
          <reporter-output>
          </reporter-output>
        </test-method> <!-- TearDownMethod -->
        <test-method status="PASS" signature="SetupMethod()[pri:0, instance:testcases.SimplilearnLoginTest@76f2b07d]" name="SetupMethod" is-config="true" duration-ms="4739" started-at="2022-09-11T10:36:57 IST" finished-at="2022-09-11T10:37:02 IST">
          <reporter-output>
          </reporter-output>
        </test-method> <!-- SetupMethod -->
        <test-method status="PASS" signature="Test2()[pri:0, instance:testcases.SimplilearnLoginTest@76f2b07d]" name="Test2" duration-ms="5293" started-at="2022-09-11T10:37:02 IST" finished-at="2022-09-11T10:37:07 IST">
          <reporter-output>
          </reporter-output>
        </test-method> <!-- Test2 -->
        <test-method status="PASS" signature="TearDownMethod()[pri:0, instance:testcases.SimplilearnLoginTest@76f2b07d]" name="TearDownMethod" is-config="true" duration-ms="2481" started-at="2022-09-11T10:37:07 IST" finished-at="2022-09-11T10:37:10 IST">
          <reporter-output>
          </reporter-output>
        </test-method> <!-- TearDownMethod -->
        <test-method status="PASS" signature="SetupMethod()[pri:0, instance:testcases.SimplilearnLoginTest@76f2b07d]" name="SetupMethod" is-config="true" duration-ms="4790" started-at="2022-09-11T10:37:10 IST" finished-at="2022-09-11T10:37:15 IST">
          <reporter-output>
          </reporter-output>
        </test-method> <!-- SetupMethod -->
        <test-method status="FAIL" signature="Test3()[pri:0, instance:testcases.SimplilearnLoginTest@76f2b07d]" name="Test3" duration-ms="0" started-at="2022-09-11T10:37:15 IST" finished-at="2022-09-11T10:37:15 IST">
          <exception class="java.lang.NullPointerException">
            <full-stacktrace>
              <![CDATA[java.lang.NullPointerException
at testcases.SimplilearnLoginTest.Test3(SimplilearnLoginTest.java:48)
at sun.reflect.NativeMethodAccessorImpl.invoke0(Native Method)
at sun.reflect.NativeMethodAccessorImpl.invoke(NativeMethodAccessorImpl.java:62)
at sun.reflect.DelegatingMethodAccessorImpl.invoke(DelegatingMethodAccessorImpl.java:43)
at java.lang.reflect.Method.invoke(Method.java:498)
at org.testng.internal.invokers.MethodInvocationHelper.invokeMethod(MethodInvocationHelper.java:135)
at org.testng.internal.invokers.TestInvoker.invokeMethod(TestInvoker.java:673)
at org.testng.internal.invokers.TestInvoker.invokeTestMethod(TestInvoker.java:220)
at org.testng.internal.invokers.MethodRunner.runInSequence(MethodRunner.java:50)
at org.testng.internal.invokers.TestInvoker$MethodInvocationAgent.invoke(TestInvoker.java:945)
at org.testng.internal.invokers.TestInvoker.invokeTestMethods(TestInvoker.java:193)
at org.testng.internal.invokers.TestMethodWorker.invokeTestMethods(TestMethodWorker.java:146)
at org.testng.internal.invokers.TestMethodWorker.run(TestMethodWorker.java:128)
at java.util.ArrayList.forEach(ArrayList.java:1259)
at org.testng.TestRunner.privateRun(TestRunner.java:808)
at org.testng.TestRunner.run(TestRunner.java:603)
at org.testng.SuiteRunner.runTest(SuiteRunner.java:429)
at org.testng.SuiteRunner.runSequentially(SuiteRunner.java:423)
at org.testng.SuiteRunner.privateRun(SuiteRunner.java:383)
at org.testng.SuiteRunner.run(SuiteRunner.java:326)
at org.testng.SuiteRunnerWorker.runSuite(SuiteRunnerWorker.java:52)
at org.testng.SuiteRunnerWorker.run(SuiteRunnerWorker.java:95)
at org.testng.TestNG.runSuitesSequentially(TestNG.java:1249)
at org.testng.TestNG.runSuitesLocally(TestNG.java:1169)
at org.testng.TestNG.runSuites(TestNG.java:1092)
at org.testng.TestNG.run(TestNG.java:1060)
at org.apache.maven.surefire.testng.TestNGExecutor.run(TestNGExecutor.java:284)
at org.apache.maven.surefire.testng.TestNGXmlTestSuite.execute(TestNGXmlTestSuite.java:75)
at org.apache.maven.surefire.testng.TestNGProvider.invoke(TestNGProvider.java:119)
at org.apache.maven.surefire.booter.ForkedBooter.runSuitesInProcess(ForkedBooter.java:428)
at org.apache.maven.surefire.booter.ForkedBooter.execute(ForkedBooter.java:162)
at org.apache.maven.surefire.booter.ForkedBooter.run(ForkedBooter.java:562)
at org.apache.maven.surefire.booter.ForkedBooter.main(ForkedBooter.java:548)
]]>
            </full-stacktrace>
          </exception> <!-- java.lang.NullPointerException -->
          <reporter-output>
          </reporter-output>
        </test-method> <!-- Test3 -->
        <test-method status="PASS" signature="TearDownMethod()[pri:0, instance:testcases.SimplilearnLoginTest@76f2b07d]" name="TearDownMethod" is-config="true" duration-ms="2374" started-at="2022-09-11T10:37:15 IST" finished-at="2022-09-11T10:37:17 IST">
          <reporter-output>
          </reporter-output>
        </test-method> <!-- TearDownMethod -->
      </class> <!-- testcases.SimplilearnLoginTest -->
    </test> <!-- Test -->
  </suite> <!-- Suite -->
</testng-results>
