<?xml version="1.0" encoding="UTF-8"?>
<testng-results ignored="2" total="6" passed="4" failed="0" skipped="0">
  <reporter-output>
  </reporter-output>
  <suite started-at="2022-09-11T10:57:05 IST" name="Suite" finished-at="2022-09-11T10:57:52 IST" duration-ms="47681">
    <groups>
    </groups>
    <test started-at="2022-09-11T10:57:05 IST" name="Test" finished-at="2022-09-11T10:57:52 IST" duration-ms="47681">
      <class name="testcases.HomeTest">
        <test-method is-config="true" signature="SetupMethod()[pri:0, instance:testcases.HomeTest@1da2cb77]" started-at="2022-09-11T10:57:48 IST" name="SetupMethod" finished-at="2022-09-11T10:57:52 IST" duration-ms="3977" status="PASS">
          <reporter-output>
          </reporter-output>
        </test-method> <!-- SetupMethod -->
        <test-method signature="Test1()[pri:0, instance:testcases.HomeTest@1da2cb77]" started-at="2022-09-11T10:57:52 IST" name="Test1" finished-at="2022-09-11T10:57:52 IST" duration-ms="1" status="PASS">
          <reporter-output>
          </reporter-output>
        </test-method> <!-- Test1 -->
        <test-method is-config="true" signature="TearDownMethod()[pri:0, instance:testcases.HomeTest@1da2cb77]" started-at="2022-09-11T10:57:52 IST" name="TearDownMethod" finished-at="2022-09-11T10:57:52 IST" duration-ms="143" status="PASS">
          <reporter-output>
          </reporter-output>
        </test-method> <!-- TearDownMethod -->
      </class> <!-- testcases.HomeTest -->
      <class name="testcases.SimplilearnLoginTest">
        <test-method is-config="true" signature="DataSetup()[pri:0, instance:testcases.SimplilearnLoginTest@169e6180]" started-at="2022-09-11T10:57:05 IST" name="DataSetup" finished-at="2022-09-11T10:57:05 IST" duration-ms="493" status="PASS">
          <reporter-output>
          </reporter-output>
        </test-method> <!-- DataSetup -->
        <test-method is-config="true" signature="SetupMethod()[pri:0, instance:testcases.SimplilearnLoginTest@169e6180]" started-at="2022-09-11T10:57:05 IST" name="SetupMethod" finished-at="2022-09-11T10:57:11 IST" duration-ms="5811" status="PASS">
          <reporter-output>
          </reporter-output>
        </test-method> <!-- SetupMethod -->
        <test-method signature="Test1()[pri:0, instance:testcases.SimplilearnLoginTest@169e6180]" started-at="2022-09-11T10:57:11 IST" name="Test1" finished-at="2022-09-11T10:57:23 IST" duration-ms="12105" status="PASS">
          <reporter-output>
          </reporter-output>
        </test-method> <!-- Test1 -->
        <test-method is-config="true" signature="TearDownMethod()[pri:0, instance:testcases.SimplilearnLoginTest@169e6180]" started-at="2022-09-11T10:57:23 IST" name="TearDownMethod" finished-at="2022-09-11T10:57:24 IST" duration-ms="736" status="PASS">
          <reporter-output>
          </reporter-output>
        </test-method> <!-- TearDownMethod -->
        <test-method is-config="true" signature="SetupMethod()[pri:0, instance:testcases.SimplilearnLoginTest@169e6180]" started-at="2022-09-11T10:57:24 IST" name="SetupMethod" finished-at="2022-09-11T10:57:28 IST" duration-ms="4098" status="PASS">
          <reporter-output>
          </reporter-output>
        </test-method> <!-- SetupMethod -->
        <test-method signature="Test2()[pri:0, instance:testcases.SimplilearnLoginTest@169e6180]" started-at="2022-09-11T10:57:28 IST" name="Test2" finished-at="2022-09-11T10:57:33 IST" duration-ms="5578" status="PASS">
          <reporter-output>
          </reporter-output>
        </test-method> <!-- Test2 -->
        <test-method is-config="true" signature="TearDownMethod()[pri:0, instance:testcases.SimplilearnLoginTest@169e6180]" started-at="2022-09-11T10:57:33 IST" name="TearDownMethod" finished-at="2022-09-11T10:57:34 IST" duration-ms="153" status="PASS">
          <reporter-output>
          </reporter-output>
        </test-method> <!-- TearDownMethod -->
        <test-method is-config="true" signature="SetupMethod()[pri:0, instance:testcases.SimplilearnLoginTest@169e6180]" started-at="2022-09-11T10:57:34 IST" name="SetupMethod" finished-at="2022-09-11T10:57:38 IST" duration-ms="4264" status="PASS">
          <reporter-output>
          </reporter-output>
        </test-method> <!-- SetupMethod -->
        <test-method signature="Test3()[pri:0, instance:testcases.SimplilearnLoginTest@169e6180]" started-at="2022-09-11T10:57:38 IST" name="Test3" finished-at="2022-09-11T10:57:47 IST" duration-ms="9402" status="PASS">
          <reporter-output>
          </reporter-output>
        </test-method> <!-- Test3 -->
        <test-method is-config="true" signature="TearDownMethod()[pri:0, instance:testcases.SimplilearnLoginTest@169e6180]" started-at="2022-09-11T10:57:47 IST" name="TearDownMethod" finished-at="2022-09-11T10:57:48 IST" duration-ms="880" status="PASS">
          <reporter-output>
          </reporter-output>
        </test-method> <!-- TearDownMethod -->
        <test-method is-config="true" signature="DataClean()[pri:0, instance:testcases.SimplilearnLoginTest@169e6180]" started-at="2022-09-11T10:57:52 IST" name="DataClean" finished-at="2022-09-11T10:57:52 IST" duration-ms="1" status="PASS">
          <reporter-output>
          </reporter-output>
        </test-method> <!-- DataClean -->
      </class> <!-- testcases.SimplilearnLoginTest -->
    </test> <!-- Test -->
  </suite> <!-- Suite -->
</testng-results>
